************ Start Display Current Environment ************
Log file started at: [8/10/19 16:30:54:658 CST]
************* End Display Current Environment *************
[8/12/19 21:06:35:921 CST] 00000001 SystemErr     R com.ibm.websphere.management.exception.AdminException: java.lang.NullPointerException
[8/12/19 21:06:35:922 CST] 00000001 SystemErr     R 	at com.ibm.ws.management.MBeanFactoryImpl.deactivateMBean(MBeanFactoryImpl.java:1168)
[8/12/19 21:06:35:922 CST] 00000001 SystemErr     R 	at com.ibm.ws.batch.endpointsensor.BatchSensorComponent.destroy(BatchSensorComponent.java:100)
[8/12/19 21:06:35:923 CST] 00000001 SystemErr     R 	at com.ibm.ws.runtime.component.ContainerHelper.destroyComponent(ContainerHelper.java:341)
[8/12/19 21:06:35:923 CST] 00000001 SystemErr     R 	at com.ibm.ws.runtime.component.ContainerHelper.destroyComponents(ContainerHelper.java:325)
[8/12/19 21:06:35:923 CST] 00000001 SystemErr     R 	at com.ibm.ws.runtime.component.ContainerImpl.destroyComponents(ContainerImpl.java:607)
[8/12/19 21:06:35:923 CST] 00000001 SystemErr     R 	at com.ibm.ws.runtime.component.ContainerImpl.destroy(ContainerImpl.java:598)
[8/12/19 21:06:35:923 CST] 00000001 SystemErr     R 	at com.ibm.ws.runtime.component.ServerImpl.destroy(ServerImpl.java:494)
[8/12/19 21:06:35:923 CST] 00000001 SystemErr     R 	at com.ibm.ws.runtime.WsServerImpl.bootServerContainer(WsServerImpl.java:320)
[8/12/19 21:06:35:924 CST] 00000001 SystemErr     R 	at com.ibm.ws.runtime.WsServerImpl.start(WsServerImpl.java:224)
[8/12/19 21:06:35:924 CST] 00000001 SystemErr     R 	at com.ibm.ws.runtime.WsServerImpl.main(WsServerImpl.java:697)
[8/12/19 21:06:35:924 CST] 00000001 SystemErr     R 	at com.ibm.ws.runtime.WsServer.main(WsServer.java:59)
[8/12/19 21:06:35:924 CST] 00000001 SystemErr     R 	at sun.reflect.NativeMethodAccessorImpl.invoke0(Native Method)
[8/12/19 21:06:35:924 CST] 00000001 SystemErr     R 	at sun.reflect.NativeMethodAccessorImpl.invoke(NativeMethodAccessorImpl.java:88)
[8/12/19 21:06:35:924 CST] 00000001 SystemErr     R 	at sun.reflect.DelegatingMethodAccessorImpl.invoke(DelegatingMethodAccessorImpl.java:55)
[8/12/19 21:06:35:925 CST] 00000001 SystemErr     R 	at java.lang.reflect.Method.invoke(Method.java:613)
[8/12/19 21:06:35:925 CST] 00000001 SystemErr     R 	at com.ibm.wsspi.bootstrap.WSLauncher.launchMain(WSLauncher.java:234)
[8/12/19 21:06:35:925 CST] 00000001 SystemErr     R 	at com.ibm.wsspi.bootstrap.WSLauncher.main(WSLauncher.java:96)
[8/12/19 21:06:35:933 CST] 00000001 SystemErr     R 	at com.ibm.wsspi.bootstrap.WSLauncher.run(WSLauncher.java:77)
[8/12/19 21:06:35:933 CST] 00000001 SystemErr     R 	at sun.reflect.NativeMethodAccessorImpl.invoke0(Native Method)
[8/12/19 21:06:35:934 CST] 00000001 SystemErr     R 	at sun.reflect.NativeMethodAccessorImpl.invoke(NativeMethodAccessorImpl.java:88)
[8/12/19 21:06:35:934 CST] 00000001 SystemErr     R 	at sun.reflect.DelegatingMethodAccessorImpl.invoke(DelegatingMethodAccessorImpl.java:55)
[8/12/19 21:06:35:934 CST] 00000001 SystemErr     R 	at java.lang.reflect.Method.invoke(Method.java:613)
[8/12/19 21:06:35:934 CST] 00000001 SystemErr     R 	at org.eclipse.equinox.internal.app.EclipseAppContainer.callMethodWithException(EclipseAppContainer.java:587)
[8/12/19 21:06:35:934 CST] 00000001 SystemErr     R 	at org.eclipse.equinox.internal.app.EclipseAppHandle.run(EclipseAppHandle.java:198)
[8/12/19 21:06:35:934 CST] 00000001 SystemErr     R 	at org.eclipse.core.runtime.internal.adaptor.EclipseAppLauncher.runApplication(EclipseAppLauncher.java:110)
[8/12/19 21:06:35:934 CST] 00000001 SystemErr     R 	at org.eclipse.core.runtime.internal.adaptor.EclipseAppLauncher.start(EclipseAppLauncher.java:79)
[8/12/19 21:06:35:935 CST] 00000001 SystemErr     R 	at org.eclipse.core.runtime.adaptor.EclipseStarter.run(EclipseStarter.java:369)
[8/12/19 21:06:35:935 CST] 00000001 SystemErr     R 	at org.eclipse.core.runtime.adaptor.EclipseStarter.run(EclipseStarter.java:179)
[8/12/19 21:06:35:935 CST] 00000001 SystemErr     R 	at sun.reflect.NativeMethodAccessorImpl.invoke0(Native Method)
[8/12/19 21:06:35:935 CST] 00000001 SystemErr     R 	at sun.reflect.NativeMethodAccessorImpl.invoke(NativeMethodAccessorImpl.java:88)
[8/12/19 21:06:35:935 CST] 00000001 SystemErr     R 	at sun.reflect.DelegatingMethodAccessorImpl.invoke(DelegatingMethodAccessorImpl.java:55)
[8/12/19 21:06:35:935 CST] 00000001 SystemErr     R 	at java.lang.reflect.Method.invoke(Method.java:613)
[8/12/19 21:06:35:935 CST] 00000001 SystemErr     R 	at org.eclipse.core.launcher.Main.invokeFramework(Main.java:340)
[8/12/19 21:06:35:936 CST] 00000001 SystemErr     R 	at org.eclipse.core.launcher.Main.basicRun(Main.java:282)
[8/12/19 21:06:35:936 CST] 00000001 SystemErr     R 	at org.eclipse.core.launcher.Main.run(Main.java:981)
[8/12/19 21:06:35:936 CST] 00000001 SystemErr     R 	at com.ibm.wsspi.bootstrap.WSPreLauncher.launchEclipse(WSPreLauncher.java:401)
[8/12/19 21:06:35:936 CST] 00000001 SystemErr     R 	at com.ibm.wsspi.bootstrap.WSPreLauncher.main(WSPreLauncher.java:164)
[8/12/19 21:06:35:936 CST] 00000001 SystemErr     R Caused by: java.lang.NullPointerException
[8/12/19 21:06:35:937 CST] 00000001 SystemErr     R 	at com.ibm.ws.management.MBeanFactoryImpl.deactivateMBean(MBeanFactoryImpl.java:1141)
[8/12/19 21:06:35:937 CST] 00000001 SystemErr     R 	... 36 more
[8/12/19 21:15:46:292 CST] 00000001 SystemErr     R com.ibm.websphere.management.exception.AdminException: java.lang.NullPointerException
[8/12/19 21:15:46:293 CST] 00000001 SystemErr     R 	at com.ibm.ws.management.MBeanFactoryImpl.deactivateMBean(MBeanFactoryImpl.java:1168)
[8/12/19 21:15:46:293 CST] 00000001 SystemErr     R 	at com.ibm.ws.batch.endpointsensor.BatchSensorComponent.destroy(BatchSensorComponent.java:100)
[8/12/19 21:15:46:293 CST] 00000001 SystemErr     R 	at com.ibm.ws.runtime.component.ContainerHelper.destroyComponent(ContainerHelper.java:341)
[8/12/19 21:15:46:293 CST] 00000001 SystemErr     R 	at com.ibm.ws.runtime.component.ContainerHelper.destroyComponents(ContainerHelper.java:325)
[8/12/19 21:15:46:293 CST] 00000001 SystemErr     R 	at com.ibm.ws.runtime.component.ContainerImpl.destroyComponents(ContainerImpl.java:607)
[8/12/19 21:15:46:293 CST] 00000001 SystemErr     R 	at com.ibm.ws.runtime.component.ContainerImpl.destroy(ContainerImpl.java:598)
[8/12/19 21:15:46:293 CST] 00000001 SystemErr     R 	at com.ibm.ws.runtime.component.ServerImpl.destroy(ServerImpl.java:494)
[8/12/19 21:15:46:294 CST] 00000001 SystemErr     R 	at com.ibm.ws.runtime.WsServerImpl.bootServerContainer(WsServerImpl.java:320)
[8/12/19 21:15:46:294 CST] 00000001 SystemErr     R 	at com.ibm.ws.runtime.WsServerImpl.start(WsServerImpl.java:224)
[8/12/19 21:15:46:294 CST] 00000001 SystemErr     R 	at com.ibm.ws.runtime.WsServerImpl.main(WsServerImpl.java:697)
[8/12/19 21:15:46:294 CST] 00000001 SystemErr     R 	at com.ibm.ws.runtime.WsServer.main(WsServer.java:59)
[8/12/19 21:15:46:294 CST] 00000001 SystemErr     R 	at sun.reflect.NativeMethodAccessorImpl.invoke0(Native Method)
[8/12/19 21:15:46:294 CST] 00000001 SystemErr     R 	at sun.reflect.NativeMethodAccessorImpl.invoke(NativeMethodAccessorImpl.java:88)
[8/12/19 21:15:46:294 CST] 00000001 SystemErr     R 	at sun.reflect.DelegatingMethodAccessorImpl.invoke(DelegatingMethodAccessorImpl.java:55)
[8/12/19 21:15:46:294 CST] 00000001 SystemErr     R 	at java.lang.reflect.Method.invoke(Method.java:613)
[8/12/19 21:15:46:294 CST] 00000001 SystemErr     R 	at com.ibm.wsspi.bootstrap.WSLauncher.launchMain(WSLauncher.java:234)
[8/12/19 21:15:46:294 CST] 00000001 SystemErr     R 	at com.ibm.wsspi.bootstrap.WSLauncher.main(WSLauncher.java:96)
[8/12/19 21:15:46:294 CST] 00000001 SystemErr     R 	at com.ibm.wsspi.bootstrap.WSLauncher.run(WSLauncher.java:77)
[8/12/19 21:15:46:295 CST] 00000001 SystemErr     R 	at sun.reflect.NativeMethodAccessorImpl.invoke0(Native Method)
[8/12/19 21:15:46:295 CST] 00000001 SystemErr     R 	at sun.reflect.NativeMethodAccessorImpl.invoke(NativeMethodAccessorImpl.java:88)
[8/12/19 21:15:46:295 CST] 00000001 SystemErr     R 	at sun.reflect.DelegatingMethodAccessorImpl.invoke(DelegatingMethodAccessorImpl.java:55)
[8/12/19 21:15:46:295 CST] 00000001 SystemErr     R 	at java.lang.reflect.Method.invoke(Method.java:613)
[8/12/19 21:15:46:295 CST] 00000001 SystemErr     R 	at org.eclipse.equinox.internal.app.EclipseAppContainer.callMethodWithException(EclipseAppContainer.java:587)
[8/12/19 21:15:46:295 CST] 00000001 SystemErr     R 	at org.eclipse.equinox.internal.app.EclipseAppHandle.run(EclipseAppHandle.java:198)
[8/12/19 21:15:46:295 CST] 00000001 SystemErr     R 	at org.eclipse.core.runtime.internal.adaptor.EclipseAppLauncher.runApplication(EclipseAppLauncher.java:110)
[8/12/19 21:15:46:295 CST] 00000001 SystemErr     R 	at org.eclipse.core.runtime.internal.adaptor.EclipseAppLauncher.start(EclipseAppLauncher.java:79)
[8/12/19 21:15:46:295 CST] 00000001 SystemErr     R 	at org.eclipse.core.runtime.adaptor.EclipseStarter.run(EclipseStarter.java:369)
[8/12/19 21:15:46:295 CST] 00000001 SystemErr     R 	at org.eclipse.core.runtime.adaptor.EclipseStarter.run(EclipseStarter.java:179)
[8/12/19 21:15:46:296 CST] 00000001 SystemErr     R 	at sun.reflect.NativeMethodAccessorImpl.invoke0(Native Method)
[8/12/19 21:15:46:296 CST] 00000001 SystemErr     R 	at sun.reflect.NativeMethodAccessorImpl.invoke(NativeMethodAccessorImpl.java:88)
[8/12/19 21:15:46:296 CST] 00000001 SystemErr     R 	at sun.reflect.DelegatingMethodAccessorImpl.invoke(DelegatingMethodAccessorImpl.java:55)
[8/12/19 21:15:46:296 CST] 00000001 SystemErr     R 	at java.lang.reflect.Method.invoke(Method.java:613)
[8/12/19 21:15:46:296 CST] 00000001 SystemErr     R 	at org.eclipse.core.launcher.Main.invokeFramework(Main.java:340)
[8/12/19 21:15:46:296 CST] 00000001 SystemErr     R 	at org.eclipse.core.launcher.Main.basicRun(Main.java:282)
[8/12/19 21:15:46:296 CST] 00000001 SystemErr     R 	at org.eclipse.core.launcher.Main.run(Main.java:981)
[8/12/19 21:15:46:296 CST] 00000001 SystemErr     R 	at com.ibm.wsspi.bootstrap.WSPreLauncher.launchEclipse(WSPreLauncher.java:401)
[8/12/19 21:15:46:296 CST] 00000001 SystemErr     R 	at com.ibm.wsspi.bootstrap.WSPreLauncher.main(WSPreLauncher.java:164)
[8/12/19 21:15:46:296 CST] 00000001 SystemErr     R Caused by: java.lang.NullPointerException
[8/12/19 21:15:46:297 CST] 00000001 SystemErr     R 	at com.ibm.ws.management.MBeanFactoryImpl.deactivateMBean(MBeanFactoryImpl.java:1141)
[8/12/19 21:15:46:297 CST] 00000001 SystemErr     R 	... 36 more
[8/12/19 21:24:57:083 CST] 00000001 SystemErr     R com.ibm.websphere.management.exception.AdminException: java.lang.NullPointerException
[8/12/19 21:24:57:084 CST] 00000001 SystemErr     R 	at com.ibm.ws.management.MBeanFactoryImpl.deactivateMBean(MBeanFactoryImpl.java:1168)
[8/12/19 21:24:57:084 CST] 00000001 SystemErr     R 	at com.ibm.ws.batch.endpointsensor.BatchSensorComponent.destroy(BatchSensorComponent.java:100)
[8/12/19 21:24:57:084 CST] 00000001 SystemErr     R 	at com.ibm.ws.runtime.component.ContainerHelper.destroyComponent(ContainerHelper.java:341)
[8/12/19 21:24:57:084 CST] 00000001 SystemErr     R 	at com.ibm.ws.runtime.component.ContainerHelper.destroyComponents(ContainerHelper.java:325)
[8/12/19 21:24:57:084 CST] 00000001 SystemErr     R 	at com.ibm.ws.runtime.component.ContainerImpl.destroyComponents(ContainerImpl.java:607)
[8/12/19 21:24:57:085 CST] 00000001 SystemErr     R 	at com.ibm.ws.runtime.component.ContainerImpl.destroy(ContainerImpl.java:598)
[8/12/19 21:24:57:085 CST] 00000001 SystemErr     R 	at com.ibm.ws.runtime.component.ServerImpl.destroy(ServerImpl.java:494)
[8/12/19 21:24:57:085 CST] 00000001 SystemErr     R 	at com.ibm.ws.runtime.WsServerImpl.bootServerContainer(WsServerImpl.java:320)
[8/12/19 21:24:57:085 CST] 00000001 SystemErr     R 	at com.ibm.ws.runtime.WsServerImpl.start(WsServerImpl.java:224)
[8/12/19 21:24:57:085 CST] 00000001 SystemErr     R 	at com.ibm.ws.runtime.WsServerImpl.main(WsServerImpl.java:697)
[8/12/19 21:24:57:085 CST] 00000001 SystemErr     R 	at com.ibm.ws.runtime.WsServer.main(WsServer.java:59)
[8/12/19 21:24:57:085 CST] 00000001 SystemErr     R 	at sun.reflect.NativeMethodAccessorImpl.invoke0(Native Method)
[8/12/19 21:24:57:085 CST] 00000001 SystemErr     R 	at sun.reflect.NativeMethodAccessorImpl.invoke(NativeMethodAccessorImpl.java:88)
[8/12/19 21:24:57:086 CST] 00000001 SystemErr     R 	at sun.reflect.DelegatingMethodAccessorImpl.invoke(DelegatingMethodAccessorImpl.java:55)
[8/12/19 21:24:57:086 CST] 00000001 SystemErr     R 	at java.lang.reflect.Method.invoke(Method.java:613)
[8/12/19 21:24:57:086 CST] 00000001 SystemErr     R 	at com.ibm.wsspi.bootstrap.WSLauncher.launchMain(WSLauncher.java:234)
[8/12/19 21:24:57:086 CST] 00000001 SystemErr     R 	at com.ibm.wsspi.bootstrap.WSLauncher.main(WSLauncher.java:96)
[8/12/19 21:24:57:086 CST] 00000001 SystemErr     R 	at com.ibm.wsspi.bootstrap.WSLauncher.run(WSLauncher.java:77)
[8/12/19 21:24:57:086 CST] 00000001 SystemErr     R 	at sun.reflect.NativeMethodAccessorImpl.invoke0(Native Method)
[8/12/19 21:24:57:086 CST] 00000001 SystemErr     R 	at sun.reflect.NativeMethodAccessorImpl.invoke(NativeMethodAccessorImpl.java:88)
[8/12/19 21:24:57:087 CST] 00000001 SystemErr     R 	at sun.reflect.DelegatingMethodAccessorImpl.invoke(DelegatingMethodAccessorImpl.java:55)
[8/12/19 21:24:57:087 CST] 00000001 SystemErr     R 	at java.lang.reflect.Method.invoke(Method.java:613)
[8/12/19 21:24:57:087 CST] 00000001 SystemErr     R 	at org.eclipse.equinox.internal.app.EclipseAppContainer.callMethodWithException(EclipseAppContainer.java:587)
[8/12/19 21:24:57:087 CST] 00000001 SystemErr     R 	at org.eclipse.equinox.internal.app.EclipseAppHandle.run(EclipseAppHandle.java:198)
[8/12/19 21:24:57:087 CST] 00000001 SystemErr     R 	at org.eclipse.core.runtime.internal.adaptor.EclipseAppLauncher.runApplication(EclipseAppLauncher.java:110)
[8/12/19 21:24:57:087 CST] 00000001 SystemErr     R 	at org.eclipse.core.runtime.internal.adaptor.EclipseAppLauncher.start(EclipseAppLauncher.java:79)
[8/12/19 21:24:57:087 CST] 00000001 SystemErr     R 	at org.eclipse.core.runtime.adaptor.EclipseStarter.run(EclipseStarter.java:369)
[8/12/19 21:24:57:087 CST] 00000001 SystemErr     R 	at org.eclipse.core.runtime.adaptor.EclipseStarter.run(EclipseStarter.java:179)
[8/12/19 21:24:57:088 CST] 00000001 SystemErr     R 	at sun.reflect.NativeMethodAccessorImpl.invoke0(Native Method)
[8/12/19 21:24:57:088 CST] 00000001 SystemErr     R 	at sun.reflect.NativeMethodAccessorImpl.invoke(NativeMethodAccessorImpl.java:88)
[8/12/19 21:24:57:088 CST] 00000001 SystemErr     R 	at sun.reflect.DelegatingMethodAccessorImpl.invoke(DelegatingMethodAccessorImpl.java:55)
[8/12/19 21:24:57:088 CST] 00000001 SystemErr     R 	at java.lang.reflect.Method.invoke(Method.java:613)
[8/12/19 21:24:57:088 CST] 00000001 SystemErr     R 	at org.eclipse.core.launcher.Main.invokeFramework(Main.java:340)
[8/12/19 21:24:57:088 CST] 00000001 SystemErr     R 	at org.eclipse.core.launcher.Main.basicRun(Main.java:282)
[8/12/19 21:24:57:088 CST] 00000001 SystemErr     R 	at org.eclipse.core.launcher.Main.run(Main.java:981)
[8/12/19 21:24:57:088 CST] 00000001 SystemErr     R 	at com.ibm.wsspi.bootstrap.WSPreLauncher.launchEclipse(WSPreLauncher.java:401)
[8/12/19 21:24:57:089 CST] 00000001 SystemErr     R 	at com.ibm.wsspi.bootstrap.WSPreLauncher.main(WSPreLauncher.java:164)
[8/12/19 21:24:57:089 CST] 00000001 SystemErr     R Caused by: java.lang.NullPointerException
[8/12/19 21:24:57:089 CST] 00000001 SystemErr     R 	at com.ibm.ws.management.MBeanFactoryImpl.deactivateMBean(MBeanFactoryImpl.java:1141)
[8/12/19 21:24:57:089 CST] 00000001 SystemErr     R 	... 36 more
[8/16/19 15:12:49:897 CST] 00000050 SystemErr     R Exception in thread "com.ibm.son.mesh.Peer-tcp-port-11010" java.lang.OutOfMemoryError: Java heap space
[8/16/19 15:12:49:897 CST] 00000050 SystemErr     R 	at sun.reflect.ClassDefiner.defineClass(ClassDefiner.java:75)
[8/16/19 15:12:49:898 CST] 00000050 SystemErr     R 	at sun.reflect.MethodAccessorGenerator$1.run(MethodAccessorGenerator.java:411)
[8/16/19 15:12:49:898 CST] 00000050 SystemErr     R 	at sun.reflect.MethodAccessorGenerator$1.run(MethodAccessorGenerator.java:408)
[8/16/19 15:12:49:898 CST] 00000050 SystemErr     R 	at java.security.AccessController.doPrivileged(AccessController.java:229)
[8/16/19 15:12:49:898 CST] 00000050 SystemErr     R 	at sun.reflect.MethodAccessorGenerator.generate(MethodAccessorGenerator.java:407)
[8/16/19 15:12:49:898 CST] 00000050 SystemErr     R 	at sun.reflect.MethodAccessorGenerator.generateSerializationConstructor(MethodAccessorGenerator.java:125)
[8/16/19 15:12:49:898 CST] 00000050 SystemErr     R 	at sun.reflect.ReflectionFactory.newConstructorForSerialization(ReflectionFactory.java:343)
[8/16/19 15:12:49:898 CST] 00000050 SystemErr     R 	at java.io.ObjectStreamClass.getSerializableConstructor(ObjectStreamClass.java:1428)
[8/16/19 15:12:49:899 CST] 00000050 SystemErr     R 	at java.io.ObjectStreamClass.access$1500(ObjectStreamClass.java:81)
[8/16/19 15:12:49:899 CST] 00000050 SystemErr     R 	at java.io.ObjectStreamClass$2.run(ObjectStreamClass.java:552)
[8/16/19 15:12:49:899 CST] 00000050 SystemErr     R 	at java.io.ObjectStreamClass$2.run(ObjectStreamClass.java:527)
[8/16/19 15:12:49:899 CST] 00000050 SystemErr     R 	at java.security.AccessController.doPrivileged(AccessController.java:229)
[8/16/19 15:12:49:899 CST] 00000050 SystemErr     R 	at java.io.ObjectStreamClass.<init>(ObjectStreamClass.java:527)
[8/16/19 15:12:49:899 CST] 00000050 SystemErr     R 	at java.io.ObjectStreamClass.lookup(ObjectStreamClass.java:371)
[8/16/19 15:12:49:899 CST] 00000050 SystemErr     R 	at java.io.ObjectStreamClass.initNonProxy(ObjectStreamClass.java:661)
[8/16/19 15:12:49:900 CST] 00000050 SystemErr     R 	at java.io.ObjectInputStream.readNonProxyDesc(ObjectInputStream.java:1670)
[8/16/19 15:12:49:900 CST] 00000050 SystemErr     R 	at java.io.ObjectInputStream.readClassDesc(ObjectInputStream.java:1583)
[8/16/19 15:12:49:900 CST] 00000050 SystemErr     R 	at java.io.ObjectInputStream.readNonProxyDesc(ObjectInputStream.java:1670)
[8/16/19 15:12:49:900 CST] 00000050 SystemErr     R 	at java.io.ObjectInputStream.readClassDesc(ObjectInputStream.java:1583)
[8/16/19 15:12:49:900 CST] 00000050 SystemErr     R 	at java.io.ObjectInputStream.readOrdinaryObject(ObjectInputStream.java:1819)
[8/16/19 15:12:49:900 CST] 00000050 SystemErr     R 	at java.io.ObjectInputStream.readObject0(ObjectInputStream.java:1416)
[8/16/19 15:12:49:900 CST] 00000050 SystemErr     R 	at java.io.ObjectInputStream.defaultReadFields(ObjectInputStream.java:2039)
[8/16/19 15:12:49:900 CST] 00000050 SystemErr     R 	at java.io.ObjectInputStream.readSerialData(ObjectInputStream.java:1963)
[8/16/19 15:12:49:901 CST] 00000050 SystemErr     R 	at java.io.ObjectInputStream.readOrdinaryObject(ObjectInputStream.java:1846)
[8/16/19 15:12:49:901 CST] 00000050 SystemErr     R 	at java.io.ObjectInputStream.readObject0(ObjectInputStream.java:1416)
[8/16/19 15:12:49:901 CST] 00000050 SystemErr     R 	at java.io.ObjectInputStream.defaultReadFields(ObjectInputStream.java:2039)
[8/16/19 15:12:49:901 CST] 00000050 SystemErr     R 	at java.io.ObjectInputStream.readSerialData(ObjectInputStream.java:1963)
[8/16/19 15:12:49:901 CST] 00000050 SystemErr     R 	at java.io.ObjectInputStream.readOrdinaryObject(ObjectInputStream.java:1846)
[8/16/19 15:12:49:901 CST] 00000050 SystemErr     R 	at java.io.ObjectInputStream.readObject0(ObjectInputStream.java:1416)Exception in thread "HAManager.thread.pool : 0" java.lang.Error: java.lang.OutOfMemoryError: Java heap space
[8/16/19 15:12:49:902 CST] 00000063 SystemErr     R 	at com.ibm.ws.util.ThreadPool.getTask(ThreadPool.java:1068)
[8/16/19 15:12:49:902 CST] 00000063 SystemErr     R 	at com.ibm.ws.util.ThreadPool$Worker.run(ThreadPool.java:1905)
[8/16/19 15:12:49:902 CST] 00000063 SystemErr     R Caused by: java.lang.OutOfMemoryError: Java heap space
[8/16/19 15:12:49:902 CST] 00000063 SystemErr     R 	at java.util.concurrent.locks.AbstractQueuedSynchronizer$ConditionObject.addConditionWaiter(AbstractQueuedSynchronizer.java:1868)
[8/16/19 15:12:49:903 CST] 00000063 SystemErr     R 	at java.util.concurrent.locks.AbstractQueuedSynchronizer$ConditionObject.await(AbstractQueuedSynchronizer.java:2176)
[8/16/19 15:12:49:903 CST] 00000063 SystemErr     R 	at com.ibm.ws.util.BoundedBuffer$GetQueueLock.await(BoundedBuffer.java:286)
[8/16/19 15:12:49:903 CST] 00000063 SystemErr     R 	at com.ibm.ws.util.BoundedBuffer.waitGet_(BoundedBuffer.java:425)
[8/16/19 15:12:49:903 CST] 00000063 SystemErr     R 	at com.ibm.ws.util.BoundedBuffer.take(BoundedBuffer.java:823)
[8/16/19 15:12:49:903 CST] 00000063 SystemErr     R 	at com.ibm.ws.util.ThreadPool.getTask(ThreadPool.java:1048)
[8/16/19 15:12:49:903 CST] 00000063 SystemErr     R 	... 1 more
[8/16/19 15:12:49:926 CST] 00000050 SystemErr     R 
[8/16/19 15:12:49:926 CST] 00000050 SystemErr     R 	at java.io.ObjectInputStream.defaultReadFields(ObjectInputStream.java:2039)
[8/16/19 15:12:49:926 CST] 00000050 SystemErr     R 	at java.io.ObjectInputStream.readSerialData(ObjectInputStream.java:1963)
[8/16/19 15:12:49:926 CST] 00000050 SystemErr     R 	at java.io.ObjectInputStream.readOrdinaryObject(ObjectInputStream.java:1846)
[8/16/19 15:12:49:926 CST] 00000050 SystemErr     R 	at java.io.ObjectInputStream.readObject0(ObjectInputStream.java:1416)
[8/16/19 15:12:49:926 CST] 00000050 SystemErr     R 	at java.io.ObjectInputStream.readObject(ObjectInputStream.java:419)
[8/16/19 15:12:49:926 CST] 00000050 SystemErr     R 	at com.ibm.son.util.Util.deserialize(Util.java:434)
[8/16/19 15:12:49:926 CST] 00000050 SystemErr     R 	at com.ibm.son.mesh.RawUDPImpl.receive(RawUDPImpl.java:203)
[8/16/19 15:12:49:927 CST] 00000050 SystemErr     R 	at com.ibm.son.mesh.RawSelectorTaskImpl.run(RawSelectorTaskImpl.java:245)
[8/16/19 15:12:49:927 CST] 00000050 SystemErr     R 	at com.ibm.son.mesh.Peer.run(Peer.java:808)
[8/20/19 16:36:21:824 CST] 00000065 SystemErr     R SLF4J: Class path contains multiple SLF4J bindings.
[8/20/19 16:36:21:824 CST] 00000065 SystemErr     R SLF4J: Found binding in [bundleresource://296.fwk1366764895:1/org/slf4j/impl/StaticLoggerBinder.class]
[8/20/19 16:36:21:824 CST] 00000065 SystemErr     R SLF4J: Found binding in [wsjar:file:/opt/IBM/WebSphere/AppServer/profiles/Custom02/installedApps/yes55suse12132Cell01/omp_133_war.ear/omp.war/WEB-INF/lib/logback-classic-1.1.7.jar!/org/slf4j/impl/StaticLoggerBinder.class]
[8/20/19 16:36:21:824 CST] 00000065 SystemErr     R SLF4J: See http://www.slf4j.org/codes.html#multiple_bindings for an explanation.
[8/20/19 16:36:22:008 CST] 00000065 SystemErr     R SLF4J: Actual binding is of type [ch.qos.logback.classic.util.ContextSelectorStaticBinder]
